<?xml version="1.0" encoding="UTF-8"?>
<robot generator="Robot 4.1.3 (Python 3.8.6 on win32)" generated="20220318 21:49:40.276" rpa="false" schemaversion="2">
<suite id="s1" name="Webautomation" source="C:\repositorio\automacao\test\feature\webautomation.robot">
<test id="s1-t1" name="Cenario: Pesquisando um produto com sucesso">
<kw name="Abrir sessão" library="hooks" type="SETUP">
<kw name="Open Browser" library="SeleniumLibrary">
<arg>url:blank</arg>
<arg>${CONFIG.BROWSER.NOME}</arg>
<doc>Opens a new browser instance to the optional ``url``.</doc>
<msg timestamp="20220318 21:49:40.810" level="INFO">Opening browser 'chrome' to base url 'url:blank'.</msg>
<status status="PASS" starttime="20220318 21:49:40.809" endtime="20220318 21:49:41.818"/>
</kw>
<kw name="Go To" library="SeleniumLibrary">
<arg>${CONFIG.BROWSER.URL}</arg>
<doc>Navigates the current browser window to the provided ``url``.</doc>
<msg timestamp="20220318 21:49:41.819" level="INFO">Opening url 'http://automationpractice.com/index.php'</msg>
<status status="PASS" starttime="20220318 21:49:41.819" endtime="20220318 21:49:46.492"/>
</kw>
<kw name="Maximize Browser Window" library="SeleniumLibrary">
<doc>Maximizes current browser window.</doc>
<status status="PASS" starttime="20220318 21:49:46.492" endtime="20220318 21:49:46.605"/>
</kw>
<kw name="Set Selenium Timeout" library="SeleniumLibrary">
<arg>${CONFIG.TIMEOUT}</arg>
<doc>Sets the timeout that is used by various keywords.</doc>
<status status="PASS" starttime="20220318 21:49:46.605" endtime="20220318 21:49:46.606"/>
</kw>
<status status="PASS" starttime="20220318 21:49:40.809" endtime="20220318 21:49:46.606"/>
</kw>
<kw name="Dado que o cliente esteja na tela home do site" library="kws_webautomation">
<kw name="Cpf" library="FakerLibrary">
<var>${cpf}</var>
<msg timestamp="20220318 21:49:46.607" level="INFO">${cpf} = 784.539.012-79</msg>
<status status="PASS" starttime="20220318 21:49:46.607" endtime="20220318 21:49:46.607"/>
</kw>
<kw name="Name" library="FakerLibrary">
<var>${nome}</var>
<doc>:example 'John Doe'</doc>
<msg timestamp="20220318 21:49:46.608" level="INFO">${nome} = Gabrielly Mendes</msg>
<status status="PASS" starttime="20220318 21:49:46.607" endtime="20220318 21:49:46.608"/>
</kw>
<kw name="City" library="FakerLibrary">
<var>${cidade}</var>
<doc>:example: 'Sashabury'</doc>
<msg timestamp="20220318 21:49:46.608" level="INFO">${cidade} = Cunha</msg>
<status status="PASS" starttime="20220318 21:49:46.608" endtime="20220318 21:49:46.608"/>
</kw>
<kw name="Log To Console" library="BuiltIn">
<arg>O CPF é: ${cpf}</arg>
<doc>Logs the given message to the console.</doc>
<status status="PASS" starttime="20220318 21:49:46.608" endtime="20220318 21:49:46.608"/>
</kw>
<kw name="Log To Console" library="BuiltIn">
<arg>O nome é: ${nome}</arg>
<doc>Logs the given message to the console.</doc>
<status status="PASS" starttime="20220318 21:49:46.608" endtime="20220318 21:49:46.609"/>
</kw>
<kw name="Log To Console" library="BuiltIn">
<arg>A cidade é: ${cidade}</arg>
<doc>Logs the given message to the console.</doc>
<status status="PASS" starttime="20220318 21:49:46.609" endtime="20220318 21:49:46.609"/>
</kw>
<status status="PASS" starttime="20220318 21:49:46.607" endtime="20220318 21:49:46.609"/>
</kw>
<kw name="Fechar sessão" library="hooks" type="TEARDOWN">
<kw name="Capture Page Screenshot" library="SeleniumLibrary">
<doc>Takes a screenshot of the current page and embeds it into a log file.</doc>
<msg timestamp="20220318 21:49:46.936" level="INFO" html="true">&lt;/td&gt;&lt;/tr&gt;&lt;tr&gt;&lt;td colspan="3"&gt;&lt;a href="selenium-screenshot-17.png"&gt;&lt;img src="selenium-screenshot-17.png" width="800px"&gt;&lt;/a&gt;</msg>
<status status="PASS" starttime="20220318 21:49:46.610" endtime="20220318 21:49:46.936"/>
</kw>
<kw name="Close Browser" library="SeleniumLibrary">
<doc>Closes the current browser.</doc>
<status status="PASS" starttime="20220318 21:49:46.936" endtime="20220318 21:49:48.996"/>
</kw>
<status status="PASS" starttime="20220318 21:49:46.610" endtime="20220318 21:49:48.996"/>
</kw>
<status status="PASS" starttime="20220318 21:49:40.808" endtime="20220318 21:49:48.996"/>
</test>
<doc>Aqui estarão presentes todos os cenários de automação WEB.</doc>
<status status="PASS" starttime="20220318 21:49:40.277" endtime="20220318 21:49:48.997"/>
</suite>
<statistics>
<total>
<stat pass="1" fail="0" skip="0">All Tests</stat>
</total>
<tag>
</tag>
<suite>
<stat pass="1" fail="0" skip="0" id="s1" name="Webautomation">Webautomation</stat>
</suite>
</statistics>
<errors>
</errors>
</robot>
