<?xml version="1.0" encoding="UTF-8"?>
<robot generator="Robot 4.1.3 (Python 3.10.2 on win32)" generated="20220318 21:12:49.469" rpa="false" schemaversion="2">
<suite id="s1" name="Webautomation" source="C:\repositorio\automacao\test\feature\webautomation.robot">
<test id="s1-t1" name="Cenario: Pesquisando um produto com sucesso">
<kw name="Abrir sessão" library="hooks" type="SETUP">
<kw name="Open Browser" library="SeleniumLibrary">
<arg>url:blank</arg>
<arg>${CONFIG.BROWSER.NOME}</arg>
<doc>Opens a new browser instance to the optional ``url``.</doc>
<msg timestamp="20220318 21:12:49.689" level="INFO">Opening browser 'chrome' to base url 'url:blank'.</msg>
<status status="PASS" starttime="20220318 21:12:49.688" endtime="20220318 21:12:51.345"/>
</kw>
<kw name="Go To" library="SeleniumLibrary">
<arg>${CONFIG.BROWSER.URL}</arg>
<doc>Navigates the current browser window to the provided ``url``.</doc>
<msg timestamp="20220318 21:12:51.347" level="INFO">Opening url 'http://automationpractice.com/index.php'</msg>
<status status="PASS" starttime="20220318 21:12:51.345" endtime="20220318 21:12:53.930"/>
</kw>
<kw name="Maximize Browser Window" library="SeleniumLibrary">
<doc>Maximizes current browser window.</doc>
<status status="PASS" starttime="20220318 21:12:53.930" endtime="20220318 21:12:54.054"/>
</kw>
<kw name="Set Selenium Timeout" library="SeleniumLibrary">
<arg>${CONFIG.TIMEOUT}</arg>
<doc>Sets the timeout that is used by various keywords.</doc>
<status status="PASS" starttime="20220318 21:12:54.055" endtime="20220318 21:12:54.056"/>
</kw>
<status status="PASS" starttime="20220318 21:12:49.687" endtime="20220318 21:12:54.056"/>
</kw>
<kw name="Dado que o cliente esteja na tela do site" library="kws_webautomation">
<kw name="Title Should Be" library="SeleniumLibrary">
<arg>${HOME.TITULO}</arg>
<doc>Verifies that the current page title equals ``title``.</doc>
<msg timestamp="20220318 21:12:54.062" level="INFO">Page title is 'My Store'.</msg>
<status status="PASS" starttime="20220318 21:12:54.057" endtime="20220318 21:12:54.062"/>
</kw>
<kw name="Wait Until Element Is Visible" library="SeleniumLibrary">
<arg>${HOME.MENU}</arg>
<doc>Waits until the element ``locator`` is visible.</doc>
<status status="PASS" starttime="20220318 21:12:54.062" endtime="20220318 21:12:54.091"/>
</kw>
<status status="PASS" starttime="20220318 21:12:54.057" endtime="20220318 21:12:54.091"/>
</kw>
<kw name="Quando realizar a pesquisa de um produto" library="kws_webautomation">
<msg timestamp="20220318 21:12:54.092" level="FAIL">Keyword with same name defined multiple times.</msg>
<status status="FAIL" starttime="20220318 21:12:54.092" endtime="20220318 21:12:54.092"/>
</kw>
<kw name="Então o produto deve ser apresentado com sucesso" library="kws_webautomation">
<status status="NOT RUN" starttime="20220318 21:12:54.092" endtime="20220318 21:12:54.093"/>
</kw>
<kw name="Fechar sessão" library="hooks" type="TEARDOWN">
<kw name="Capture Page Screenshot" library="SeleniumLibrary">
<doc>Takes a screenshot of the current page and embeds it into a log file.</doc>
<msg timestamp="20220318 21:12:54.516" level="INFO" html="true">&lt;/td&gt;&lt;/tr&gt;&lt;tr&gt;&lt;td colspan="3"&gt;&lt;a href="selenium-screenshot-10.png"&gt;&lt;img src="selenium-screenshot-10.png" width="800px"&gt;&lt;/a&gt;</msg>
<status status="PASS" starttime="20220318 21:12:54.093" endtime="20220318 21:12:54.516"/>
</kw>
<kw name="Close Browser" library="SeleniumLibrary">
<doc>Closes the current browser.</doc>
<status status="PASS" starttime="20220318 21:12:54.516" endtime="20220318 21:12:56.632"/>
</kw>
<status status="PASS" starttime="20220318 21:12:54.093" endtime="20220318 21:12:56.632"/>
</kw>
<status status="FAIL" starttime="20220318 21:12:49.686" endtime="20220318 21:12:56.635">Keyword with same name defined multiple times.</status>
</test>
<test id="s1-t2" name="Cenário: Pesquisando um produto inexistente">
<kw name="Abrir sessão" library="hooks" type="SETUP">
<kw name="Open Browser" library="SeleniumLibrary">
<arg>url:blank</arg>
<arg>${CONFIG.BROWSER.NOME}</arg>
<doc>Opens a new browser instance to the optional ``url``.</doc>
<msg timestamp="20220318 21:12:56.642" level="INFO">Opening browser 'chrome' to base url 'url:blank'.</msg>
<status status="PASS" starttime="20220318 21:12:56.642" endtime="20220318 21:12:58.192"/>
</kw>
<kw name="Go To" library="SeleniumLibrary">
<arg>${CONFIG.BROWSER.URL}</arg>
<doc>Navigates the current browser window to the provided ``url``.</doc>
<msg timestamp="20220318 21:12:58.193" level="INFO">Opening url 'http://automationpractice.com/index.php'</msg>
<status status="PASS" starttime="20220318 21:12:58.192" endtime="20220318 21:13:04.274"/>
</kw>
<kw name="Maximize Browser Window" library="SeleniumLibrary">
<doc>Maximizes current browser window.</doc>
<status status="PASS" starttime="20220318 21:13:04.274" endtime="20220318 21:13:04.415"/>
</kw>
<kw name="Set Selenium Timeout" library="SeleniumLibrary">
<arg>${CONFIG.TIMEOUT}</arg>
<doc>Sets the timeout that is used by various keywords.</doc>
<status status="PASS" starttime="20220318 21:13:04.415" endtime="20220318 21:13:04.417"/>
</kw>
<status status="PASS" starttime="20220318 21:12:56.641" endtime="20220318 21:13:04.418"/>
</kw>
<kw name="Dado que o cliente esteja na tela do site" library="kws_webautomation">
<kw name="Title Should Be" library="SeleniumLibrary">
<arg>${HOME.TITULO}</arg>
<doc>Verifies that the current page title equals ``title``.</doc>
<msg timestamp="20220318 21:13:04.426" level="INFO">Page title is 'My Store'.</msg>
<status status="PASS" starttime="20220318 21:13:04.419" endtime="20220318 21:13:04.426"/>
</kw>
<kw name="Wait Until Element Is Visible" library="SeleniumLibrary">
<arg>${HOME.MENU}</arg>
<doc>Waits until the element ``locator`` is visible.</doc>
<status status="PASS" starttime="20220318 21:13:04.426" endtime="20220318 21:13:04.453"/>
</kw>
<status status="PASS" starttime="20220318 21:13:04.419" endtime="20220318 21:13:04.453"/>
</kw>
<kw name="Quando realizar a pesquisa do produto">
<arg>calça</arg>
<msg timestamp="20220318 21:13:04.457" level="FAIL">No keyword with name 'Quando realizar a pesquisa do produto' found. Did you mean:
    kws_webautomation.Quando Realizar A Pesquisa De Um Produto</msg>
<status status="FAIL" starttime="20220318 21:13:04.457" endtime="20220318 21:13:04.457"/>
</kw>
<kw name="Então é apresentado a mensagem de" library="kws_webautomation">
<arg>No results were found for your search "calça"</arg>
<status status="NOT RUN" starttime="20220318 21:13:04.458" endtime="20220318 21:13:04.458"/>
</kw>
<kw name="Fechar sessão" library="hooks" type="TEARDOWN">
<kw name="Capture Page Screenshot" library="SeleniumLibrary">
<doc>Takes a screenshot of the current page and embeds it into a log file.</doc>
<msg timestamp="20220318 21:13:04.897" level="INFO" html="true">&lt;/td&gt;&lt;/tr&gt;&lt;tr&gt;&lt;td colspan="3"&gt;&lt;a href="selenium-screenshot-11.png"&gt;&lt;img src="selenium-screenshot-11.png" width="800px"&gt;&lt;/a&gt;</msg>
<status status="PASS" starttime="20220318 21:13:04.459" endtime="20220318 21:13:04.897"/>
</kw>
<kw name="Close Browser" library="SeleniumLibrary">
<doc>Closes the current browser.</doc>
<status status="PASS" starttime="20220318 21:13:04.897" endtime="20220318 21:13:07.033"/>
</kw>
<status status="PASS" starttime="20220318 21:13:04.459" endtime="20220318 21:13:07.034"/>
</kw>
<status status="FAIL" starttime="20220318 21:12:56.639" endtime="20220318 21:13:07.035">No keyword with name 'Quando realizar a pesquisa do produto' found. Did you mean:
    kws_webautomation.Quando Realizar A Pesquisa De Um Produto</status>
</test>
<doc>Aqui estarão presentes todos os cenários de automação WEB.</doc>
<status status="FAIL" starttime="20220318 21:12:49.469" endtime="20220318 21:13:07.041"/>
</suite>
<statistics>
<total>
<stat pass="0" fail="2" skip="0">All Tests</stat>
</total>
<tag>
</tag>
<suite>
<stat pass="0" fail="2" skip="0" id="s1" name="Webautomation">Webautomation</stat>
</suite>
</statistics>
<errors>
<msg timestamp="20220318 21:12:49.667" level="ERROR">Error in resource file 'C:\repositorio\automacao\src\auto\keywords\kws_webautomation.robot': Creating keyword 'Quando realizar a pesquisa de um produto' failed: Keyword with same name defined multiple times.</msg>
</errors>
</robot>
